2024-02-17T13:09:08.830+06:00  INFO 11540 --- [restartedMain] c.s.restaurant.RestaurantApplication     : Starting RestaurantApplication using Java 17.0.7 with PID 11540 (D:\pksf\works\spring-boot-smart-restaurant\target\classes started by User in D:\pksf\works\spring-boot-smart-restaurant)
2024-02-17T13:09:08.836+06:00  INFO 11540 --- [restartedMain] c.s.restaurant.RestaurantApplication     : No active profile set, falling back to 1 default profile: "default"
2024-02-17T13:09:08.901+06:00  INFO 11540 --- [restartedMain] .e.DevToolsPropertyDefaultsPostProcessor : Devtools property defaults active! Set 'spring.devtools.add-properties' to 'false' to disable
2024-02-17T13:09:08.901+06:00  INFO 11540 --- [restartedMain] .e.DevToolsPropertyDefaultsPostProcessor : For additional web related logging consider setting the 'logging.level.web' property to 'DEBUG'
2024-02-17T13:09:09.805+06:00  INFO 11540 --- [restartedMain] .s.d.r.c.RepositoryConfigurationDelegate : Bootstrapping Spring Data JPA repositories in DEFAULT mode.
2024-02-17T13:09:09.883+06:00  INFO 11540 --- [restartedMain] .s.d.r.c.RepositoryConfigurationDelegate : Finished Spring Data repository scanning in 66 ms. Found 4 JPA repository interfaces.
2024-02-17T13:09:10.719+06:00  INFO 11540 --- [restartedMain] o.s.b.w.embedded.tomcat.TomcatWebServer  : Tomcat initialized with port 8080 (http)
2024-02-17T13:09:10.756+06:00  INFO 11540 --- [restartedMain] o.apache.catalina.core.StandardService   : Starting service [Tomcat]
2024-02-17T13:09:10.757+06:00  INFO 11540 --- [restartedMain] o.apache.catalina.core.StandardEngine    : Starting Servlet engine: [Apache Tomcat/10.1.18]
2024-02-17T13:09:10.881+06:00  INFO 11540 --- [restartedMain] o.a.c.c.C.[Tomcat].[localhost].[/]       : Initializing Spring embedded WebApplicationContext
2024-02-17T13:09:10.882+06:00  INFO 11540 --- [restartedMain] w.s.c.ServletWebServerApplicationContext : Root WebApplicationContext: initialization completed in 1979 ms
2024-02-17T13:09:11.228+06:00  INFO 11540 --- [restartedMain] o.hibernate.jpa.internal.util.LogHelper  : HHH000204: Processing PersistenceUnitInfo [name: default]
2024-02-17T13:09:11.351+06:00  INFO 11540 --- [restartedMain] org.hibernate.Version                    : HHH000412: Hibernate ORM core version 6.4.1.Final
2024-02-17T13:09:11.415+06:00  INFO 11540 --- [restartedMain] o.h.c.internal.RegionFactoryInitiator    : HHH000026: Second-level cache disabled
2024-02-17T13:09:11.788+06:00  INFO 11540 --- [restartedMain] o.s.o.j.p.SpringPersistenceUnitInfo      : No LoadTimeWeaver setup: ignoring JPA class transformer
2024-02-17T13:09:11.842+06:00  INFO 11540 --- [restartedMain] com.zaxxer.hikari.HikariDataSource       : HikariPool-1 - Starting...
2024-02-17T13:09:12.039+06:00  INFO 11540 --- [restartedMain] com.zaxxer.hikari.pool.HikariPool        : HikariPool-1 - Added connection org.postgresql.jdbc.PgConnection@478863fb
2024-02-17T13:09:12.040+06:00  INFO 11540 --- [restartedMain] com.zaxxer.hikari.HikariDataSource       : HikariPool-1 - Start completed.
2024-02-17T13:09:12.085+06:00  WARN 11540 --- [restartedMain] org.hibernate.dialect.Dialect            : HHH000511: The 10.23.0 version for [org.hibernate.dialect.PostgreSQLDialect] is no longer supported, hence certain features may not work properly. The minimum supported version is 12.0.0. Check the community dialects project for available legacy versions.
2024-02-17T13:09:12.092+06:00  WARN 11540 --- [restartedMain] org.hibernate.orm.deprecation            : HHH90000025: PostgreSQLDialect does not need to be specified explicitly using 'hibernate.dialect' (remove the property setting and it will be selected by default)
2024-02-17T13:09:13.586+06:00  INFO 11540 --- [restartedMain] o.h.e.t.j.p.i.JtaPlatformInitiator       : HHH000489: No JTA platform available (set 'hibernate.transaction.jta.platform' to enable JTA platform integration)
2024-02-17T13:09:13.832+06:00  INFO 11540 --- [restartedMain] j.LocalContainerEntityManagerFactoryBean : Initialized JPA EntityManagerFactory for persistence unit 'default'
2024-02-17T13:09:14.287+06:00  INFO 11540 --- [restartedMain] o.s.d.j.r.query.QueryEnhancerFactory     : Hibernate is in classpath; If applicable, HQL parser will be used.
2024-02-17T13:09:14.384+06:00  WARN 11540 --- [restartedMain] JpaBaseConfiguration$JpaWebConfiguration : spring.jpa.open-in-view is enabled by default. Therefore, database queries may be performed during view rendering. Explicitly configure spring.jpa.open-in-view to disable this warning
2024-02-17T13:09:14.742+06:00  INFO 11540 --- [restartedMain] o.s.b.d.a.OptionalLiveReloadServer       : LiveReload server is running on port 35729
2024-02-17T13:09:14.784+06:00  INFO 11540 --- [restartedMain] o.s.b.w.embedded.tomcat.TomcatWebServer  : Tomcat started on port 8080 (http) with context path ''
2024-02-17T13:09:14.794+06:00  INFO 11540 --- [restartedMain] c.s.restaurant.RestaurantApplication     : Started RestaurantApplication in 6.562 seconds (process running for 7.669)
2024-02-17T13:10:05.184+06:00  INFO 11540 --- [http-nio-8080-exec-1] o.a.c.c.C.[Tomcat].[localhost].[/]       : Initializing Spring DispatcherServlet 'dispatcherServlet'
2024-02-17T13:10:05.185+06:00  INFO 11540 --- [http-nio-8080-exec-1] o.s.web.servlet.DispatcherServlet        : Initializing Servlet 'dispatcherServlet'
2024-02-17T13:10:05.189+06:00  INFO 11540 --- [http-nio-8080-exec-1] o.s.web.servlet.DispatcherServlet        : Completed initialization in 3 ms
2024-02-17T13:11:21.636+06:00  INFO 11540 --- [File Watcher] rtingClassPathChangeChangedEventListener : Restarting due to 1 class path change (0 additions, 0 deletions, 1 modification)
2024-02-17T13:11:21.862+06:00  INFO 11540 --- [Thread-5] j.LocalContainerEntityManagerFactoryBean : Closing JPA EntityManagerFactory for persistence unit 'default'
2024-02-17T13:11:21.870+06:00  INFO 11540 --- [Thread-5] com.zaxxer.hikari.HikariDataSource       : HikariPool-1 - Shutdown initiated...
2024-02-17T13:11:21.932+06:00  INFO 11540 --- [Thread-5] com.zaxxer.hikari.HikariDataSource       : HikariPool-1 - Shutdown completed.
